2025/07/16 11:48:56 [notice] 8#8: using the "epoll" event method
2025/07/16 11:48:56 [notice] 8#8: nginx/1.29.0
2025/07/16 11:48:56 [notice] 8#8: built by gcc 12.2.0 (Debian 12.2.0-14+deb12u1) 
2025/07/16 11:48:56 [notice] 8#8: OS: Linux 6.11.0-29-generic
2025/07/16 11:48:56 [notice] 8#8: getrlimit(RLIMIT_NOFILE): 1048576:1048576
2025/07/16 11:48:56 [notice] 8#8: start worker processes
2025/07/16 11:48:56 [notice] 8#8: start worker process 21
2025/07/16 11:48:56 [notice] 8#8: start worker process 22
2025/07/16 11:48:56 [notice] 8#8: start worker process 23
2025/07/16 11:48:56 [notice] 8#8: start worker process 24
2025/07/16 11:48:56 [notice] 8#8: start worker process 25
2025/07/16 11:48:56 [notice] 8#8: start worker process 26
2025/07/16 11:48:56 [notice] 8#8: start worker process 27
2025/07/16 11:48:56 [notice] 8#8: start worker process 28
2025/07/16 11:51:24 [error] 21#21: *1 directory index of "/usr/share/nginx/html/" is forbidden, client: 192.168.88.21, server: localhost, request: "GET / HTTP/1.1", host: "192.168.88.32:8089"
2025/07/16 11:51:24 [error] 21#21: *1 open() "/usr/share/nginx/html/favicon.ico" failed (2: No such file or directory), client: 192.168.88.21, server: localhost, request: "GET /favicon.ico HTTP/1.1", host: "192.168.88.32:8089", referrer: "http://192.168.88.32:8089/"
2025/07/16 11:53:28 [notice] 8#8: using the "epoll" event method
2025/07/16 11:53:28 [notice] 8#8: nginx/1.29.0
2025/07/16 11:53:28 [notice] 8#8: built by gcc 12.2.0 (Debian 12.2.0-14+deb12u1) 
2025/07/16 11:53:28 [notice] 8#8: OS: Linux 6.11.0-29-generic
2025/07/16 11:53:28 [notice] 8#8: getrlimit(RLIMIT_NOFILE): 1048576:1048576
2025/07/16 11:53:28 [notice] 8#8: start worker processes
2025/07/16 11:53:28 [notice] 8#8: start worker process 21
2025/07/16 11:53:28 [notice] 8#8: start worker process 22
2025/07/16 11:53:28 [notice] 8#8: start worker process 23
2025/07/16 11:53:28 [notice] 8#8: start worker process 24
2025/07/16 11:53:28 [notice] 8#8: start worker process 25
2025/07/16 11:53:28 [notice] 8#8: start worker process 26
2025/07/16 11:53:28 [notice] 8#8: start worker process 27
2025/07/16 11:53:28 [notice] 8#8: start worker process 28
2025/07/16 12:07:15 [notice] 8#8: using the "epoll" event method
2025/07/16 12:07:15 [notice] 8#8: nginx/1.29.0
2025/07/16 12:07:15 [notice] 8#8: built by gcc 12.2.0 (Debian 12.2.0-14+deb12u1) 
2025/07/16 12:07:15 [notice] 8#8: OS: Linux 6.11.0-29-generic
2025/07/16 12:07:15 [notice] 8#8: getrlimit(RLIMIT_NOFILE): 1048576:1048576
2025/07/16 12:07:15 [notice] 8#8: start worker processes
2025/07/16 12:07:15 [notice] 8#8: start worker process 21
2025/07/16 12:07:15 [notice] 8#8: start worker process 22
2025/07/16 12:07:15 [notice] 8#8: start worker process 23
2025/07/16 12:07:15 [notice] 8#8: start worker process 24
2025/07/16 12:07:15 [notice] 8#8: start worker process 25
2025/07/16 12:07:15 [notice] 8#8: start worker process 26
2025/07/16 12:07:15 [notice] 8#8: start worker process 27
2025/07/16 12:07:15 [notice] 8#8: start worker process 28
